<?xml version="1.0" encoding="UTF-8"?>
<testsuite name="TestNamedArguments" tests="1" skipped="0" failures="0" errors="0" timestamp="2022-01-01T12:52:59" hostname="vibook-Laptop-X509DJ-D509DJ" time="0.034">
  <properties/>
  <testcase name="testJoinToString" classname="TestNamedArguments" time="0.034"/>
  <system-out><![CDATA[]]></system-out>
  <system-err><![CDATA[]]></system-err>
</testsuite>
