<?xml version="1.0" encoding="UTF-8"?>
<testsuite name="Test" tests="1" skipped="0" failures="0" errors="0" timestamp="2022-01-01T12:57:03" hostname="vibook-Laptop-X509DJ-D509DJ" time="0.004">
  <properties/>
  <testcase name="testSolution" classname="Test" time="0.004"/>
  <system-out><![CDATA[]]></system-out>
  <system-err><![CDATA[]]></system-err>
</testsuite>
